#
# There is insufficient memory for the Java Runtime Environment to continue.
# Native memory allocation (malloc) failed to allocate 520816 bytes for Chunk::new
# Possible reasons:
#   The system is out of physical RAM or swap space
#   In 32 bit mode, the process size limit was hit
# Possible solutions:
#   Reduce memory load on the system
#   Increase physical memory or swap space
#   Check if swap backing store is full
#   Use 64 bit Java on a 64 bit OS
#   Decrease Java heap size (-Xmx/-Xms)
#   Decrease number of Java threads
#   Decrease Java thread stack sizes (-Xss)
#   Set larger code cache with -XX:ReservedCodeCacheSize=
# This output file may be truncated or incomplete.
#
#  Out of Memory Error (allocation.cpp:390), pid=5332, tid=8528
#
# JRE version: Java(TM) SE Runtime Environment (8.0_91-b15) (build 1.8.0_91-b15)
# Java VM: Java HotSpot(TM) 64-Bit Server VM (25.91-b15 mixed mode windows-amd64 compressed oops)
# Failed to write core dump. Minidumps are not enabled by default on client versions of Windows
#

---------------  T H R E A D  ---------------

Current thread (0x000000000611a800):  JavaThread "C2 CompilerThread1" daemon [_thread_in_native, id=8528, stack(0x0000000007850000,0x0000000007950000)]

Stack: [0x0000000007850000,0x0000000007950000]
[error occurred during error reporting (printing stack bounds), id 0xc0000005]

Native frames: (J=compiled Java code, j=interpreted, Vv=VM code, C=native code)


Current CompileTask:
C2:   2034  244   !   4       com.android.dx.cf.cst.ConstantPoolParser::parse0 (731 bytes)


---------------  P R O C E S S  ---------------

Java Threads: ( => current thread )
  0x0000000007ca7800 JavaThread "pool-2-thread-4" [_thread_new, id=8504, stack(0x0000000000000000,0x0000000000000000)]
  0x0000000007bb1000 JavaThread "pool-2-thread-3" [_thread_blocked, id=9828, stack(0x0000000008350000,0x0000000008450000)]
  0x0000000007b97800 JavaThread "pool-2-thread-2" [_thread_in_vm, id=3580, stack(0x0000000008250000,0x0000000008350000)]
  0x0000000007b8b000 JavaThread "pool-3-thread-1" [_thread_blocked, id=5420, stack(0x0000000008150000,0x0000000008250000)]
  0x0000000007b86800 JavaThread "pool-2-thread-1" [_thread_in_Java, id=8808, stack(0x0000000008050000,0x0000000008150000)]
  0x000000000617e000 JavaThread "Service Thread" daemon [_thread_blocked, id=6984, stack(0x0000000007e50000,0x0000000007f50000)]
  0x0000000006123000 JavaThread "C1 CompilerThread2" daemon [_thread_blocked, id=1464, stack(0x0000000007950000,0x0000000007a50000)]
=>0x000000000611a800 JavaThread "C2 CompilerThread1" daemon [_thread_in_native, id=8528, stack(0x0000000007850000,0x0000000007950000)]
  0x0000000006129800 JavaThread "C2 CompilerThread0" daemon [_thread_blocked, id=6880, stack(0x0000000007750000,0x0000000007850000)]
  0x0000000006127800 JavaThread "Attach Listener" daemon [_thread_blocked, id=8884, stack(0x0000000007650000,0x0000000007750000)]
  0x0000000006126000 JavaThread "Signal Dispatcher" daemon [_thread_blocked, id=10416, stack(0x0000000007550000,0x0000000007650000)]
  0x000000000610a000 JavaThread "Finalizer" daemon [_thread_blocked, id=10312, stack(0x0000000007370000,0x0000000007470000)]
  0x0000000002a40000 JavaThread "Reference Handler" daemon [_thread_blocked, id=7192, stack(0x0000000007270000,0x0000000007370000)]
  0x0000000000bdd800 JavaThread "main" [_thread_in_vm, id=10024, stack(0x00000000027d0000,0x00000000028d0000)]

Other Threads:
  0x00000000060e7800 VMThread [stack: 0x0000000007170000,0x0000000007270000] [id=10220]
  0x0000000007a63000 WatcherThread [stack: 0x0000000007f50000,0x0000000008050000] [id=1120]

VM state:not at safepoint (normal execution)

VM Mutex/Monitor currently owned by a thread: None

Heap:
 PSYoungGen      total 18944K, used 6567K [0x00000000eab00000, 0x00000000ec000000, 0x0000000100000000)
  eden space 16384K, 40% used [0x00000000eab00000,0x00000000eb169c50,0x00000000ebb00000)
  from space 2560K, 0% used [0x00000000ebd80000,0x00000000ebd80000,0x00000000ec000000)
  to   space 2560K, 0% used [0x00000000ebb00000,0x00000000ebb00000,0x00000000ebd80000)
 ParOldGen       total 44032K, used 0K [0x00000000c0000000, 0x00000000c2b00000, 0x00000000eab00000)
  object space 44032K, 0% used [0x00000000c0000000,0x00000000c0000000,0x00000000c2b00000)
 Metaspace       used 4267K, capacity 5520K, committed 5760K, reserved 1056768K
  class space    used 471K, capacity 520K, committed 640K, reserved 1048576K

Card table byte_map: [0x0000000002e10000,0x0000000003020000] byte_map_base: 0x0000000002810000

Marking Bits: (ParMarkBitMap*) 0x000000005d672f70
 Begin Bits: [0x0000000003580000, 0x0000000004580000)
 End Bits:   [0x0000000004580000, 0x0000000005580000)

Polling page: 0x00000000009e0000

CodeCache: size=245760Kb used=1638Kb max_used=1643Kb free=244121Kb
 bounds [0x000000000f010000, 0x000000000f280000, 0x000000001e010000]
 total_blobs=520 nmethods=262 adapters=171
 compilation: enabled

Compilation events (10 events):
Event: 1.997 Thread 0x0000000006123000  257  s    3       sun.misc.Resource::cachedInputStream (20 bytes)
Event: 1.998 Thread 0x0000000006123000 nmethod 257 0x000000000f1a5fd0 code [0x000000000f1a6140, 0x000000000f1a6528]
Event: 2.001 Thread 0x0000000006123000  258       3       java.security.CodeSource::getCertificates (98 bytes)
Event: 2.004 Thread 0x0000000006123000 nmethod 258 0x000000000f1a65d0 code [0x000000000f1a6800, 0x000000000f1a73d8]
Event: 2.005 Thread 0x0000000006123000  259       3       com.android.dx.util.ByteArray::getInt (47 bytes)
Event: 2.007 Thread 0x0000000006123000 nmethod 259 0x000000000f1a7810 code [0x000000000f1a79a0, 0x000000000f1a7d88]
Event: 2.017 Thread 0x0000000006123000  260       1       com.android.dx.rop.cst.CstLiteral32::isCategory2 (2 bytes)
Event: 2.017 Thread 0x0000000006123000 nmethod 260 0x000000000f1990d0 code [0x000000000f199220, 0x000000000f199330]
Event: 2.018 Thread 0x0000000006129800  261       4       com.android.dx.rop.cst.StdConstantPool::set (123 bytes)
Event: 2.028 Thread 0x0000000006129800 nmethod 261 0x000000000f1aaed0 code [0x000000000f1ab020, 0x000000000f1ab2b8]

GC Heap History (0 events):
No events

Deoptimization events (0 events):
No events

Internal exceptions (2 events):
Event: 0.160 Thread 0x0000000000bdd800 Exception <a 'java/lang/NoSuchMethodError': Method sun.misc.Unsafe.defineClass(Ljava/lang/String;[BII)Ljava/lang/Class; name or signature does not match> (0x00000000eab07cc0) thrown at [C:\re\workspace\8-2-build-windows-amd64-cygwin\jdk8u91\7017\hotspot\srÀk„ÞûˆÄ?
Event: 0.160 Thread 0x0000000000bdd800 Exception <a 'java/lang/NoSuchMethodError': Method sun.misc.Unsafe.prefetchRead(Ljava/lang/Object;J)V name or signature does not match> (0x00000000eab07fa8) thrown at [C:\re\workspace\8-2-build-windows-amd64-cygwin\jdk8u91\7017\hotspot\src\share\vm\prims\j

Events (10 events):
Event: 1.977 loading class com/android/dx/rop/code/InsnList
Event: 1.977 loading class com/android/dx/rop/code/InsnList done
Event: 1.979 loading class com/android/dx/rop/code/LocalItem
Event: 1.979 loading class com/android/dx/rop/code/LocalItem done
Event: 1.990 loading class com/android/dx/rop/code/RegisterSpec
Event: 1.990 loading class com/android/dx/rop/code/RegisterSpec done
Event: 1.994 loading class com/android/dx/rop/code/RegisterSpec$ForComparison
Event: 1.994 loading class com/android/dx/rop/code/RegisterSpec$ForComparison done
Event: 1.997 loading class com/android/dx/rop/code/Rops
Event: 1.997 loading class com/android/dx/rop/code/Rops done


Dynamic libraries:
0x00007ff76c630000 - 0x00007ff76c667000 	C:\Program Files\Java\jdk1.8.0_91\bin\java.exe
0x00007ff8c24d0000 - 0x00007ff8c267d000 	C:\WINDOWS\SYSTEM32\ntdll.dll
0x00007ff8c1d50000 - 0x00007ff8c1e8e000 	C:\WINDOWS\system32\KERNEL32.DLL
0x00007ff8bf7b0000 - 0x00007ff8bf8c5000 	C:\WINDOWS\system32\KERNELBASE.dll
0x00007ff8be1a0000 - 0x00007ff8be22e000 	C:\WINDOWS\system32\apphelp.dll
0x00007ff8abbd0000 - 0x00007ff8abc23000 	C:\WINDOWS\AppPatch\AppPatch64\AcGenral.DLL
0x00007ff8c0260000 - 0x00007ff8c030a000 	C:\WINDOWS\system32\msvcrt.dll
0x00007ff8bf6d0000 - 0x00007ff8bf6fe000 	C:\WINDOWS\system32\SspiCli.dll
0x00007ff8c1f30000 - 0x00007ff8c1f84000 	C:\WINDOWS\system32\SHLWAPI.dll
0x00007ff8c0010000 - 0x00007ff8c0187000 	C:\WINDOWS\system32\USER32.dll
0x00007ff8c1bb0000 - 0x00007ff8c1d44000 	C:\WINDOWS\system32\ole32.dll
0x00007ff8c0610000 - 0x00007ff8c1b39000 	C:\WINDOWS\system32\SHELL32.dll
0x00007ff8beb90000 - 0x00007ff8bebb1000 	C:\WINDOWS\SYSTEM32\USERENV.dll
0x00007ff8c23c0000 - 0x00007ff8c246a000 	C:\WINDOWS\system32\ADVAPI32.dll
0x00007ff8ad760000 - 0x00007ff8ad77e000 	C:\WINDOWS\SYSTEM32\MPR.dll
0x00007ff8c2050000 - 0x00007ff8c2190000 	C:\WINDOWS\system32\RPCRT4.dll
0x00007ff8c2470000 - 0x00007ff8c24c9000 	C:\WINDOWS\SYSTEM32\sechost.dll
0x00007ff8c21a0000 - 0x00007ff8c23b1000 	C:\WINDOWS\SYSTEM32\combase.dll
0x00007ff8c0310000 - 0x00007ff8c045f000 	C:\WINDOWS\system32\GDI32.dll
0x00007ff8bf600000 - 0x00007ff8bf615000 	C:\WINDOWS\SYSTEM32\profapi.dll
0x00007ff8bdbb0000 - 0x00007ff8bdc62000 	C:\WINDOWS\SYSTEM32\SHCORE.dll
0x00007ff8bff60000 - 0x00007ff8bff96000 	C:\WINDOWS\system32\IMM32.DLL
0x00007ff8bfb60000 - 0x00007ff8bfcb2000 	C:\WINDOWS\system32\MSCTF.dll
0x00007ff8bf5c0000 - 0x00007ff8bf5ef000 	C:\Windows\system32\nvinitx.dll
0x000000000f000000 - 0x000000000f006000 	C:\Program Files\NVIDIA Corporation\CoProcManager\detoured.dll
0x00007ff8bd8e0000 - 0x00007ff8bd93f000 	C:\Program Files\NVIDIA Corporation\CoProcManager\nvd3d9wrapx.dll
0x00007ff8bfcc0000 - 0x00007ff8bfe9a000 	C:\WINDOWS\system32\SETUPAPI.dll
0x00007ff8bfab0000 - 0x00007ff8bfaff000 	C:\WINDOWS\system32\CFGMGR32.dll
0x00007ff8bd890000 - 0x00007ff8bd8d6000 	C:\Program Files\NVIDIA Corporation\CoProcManager\nvdxgiwrapx.dll
0x00007ff8bd200000 - 0x00007ff8bd47b000 	C:\WINDOWS\WinSxS\amd64_microsoft.windows.common-controls_6595b64144ccf1df_6.0.9600.18006_none_623f33d3ecbe86e8\COMCTL32.dll
0x000000005b320000 - 0x000000005b3f2000 	C:\Program Files\Java\jdk1.8.0_91\jre\bin\msvcr100.dll
0x000000005ce60000 - 0x000000005d6f3000 	C:\Program Files\Java\jdk1.8.0_91\jre\bin\server\jvm.dll
0x00007ff8a23c0000 - 0x00007ff8a23c9000 	C:\WINDOWS\SYSTEM32\WSOCK32.dll
0x00007ff8bcce0000 - 0x00007ff8bcd02000 	C:\WINDOWS\SYSTEM32\WINMM.dll
0x00007ff8bd970000 - 0x00007ff8bd97a000 	C:\WINDOWS\SYSTEM32\VERSION.dll
0x00007ff8c0000000 - 0x00007ff8c0007000 	C:\WINDOWS\system32\PSAPI.DLL
0x00007ff8bffa0000 - 0x00007ff8bfffa000 	C:\WINDOWS\system32\WS2_32.dll
0x00007ff8bcca0000 - 0x00007ff8bccca000 	C:\WINDOWS\SYSTEM32\WINMMBASE.dll
0x00007ff8c1b40000 - 0x00007ff8c1b49000 	C:\WINDOWS\system32\NSI.dll
0x00007ff8be420000 - 0x00007ff8be448000 	C:\WINDOWS\SYSTEM32\DEVOBJ.dll
0x000000005d980000 - 0x000000005d98f000 	C:\Program Files\Java\jdk1.8.0_91\jre\bin\verify.dll
0x000000005d950000 - 0x000000005d979000 	C:\Program Files\Java\jdk1.8.0_91\jre\bin\java.dll
0x000000005d930000 - 0x000000005d946000 	C:\Program Files\Java\jdk1.8.0_91\jre\bin\zip.dll

VM Arguments:
jvm_args: -Djava.awt.headless=true -Xmx1024M -Dfile.encoding=windows-1252 -Duser.country=PH -Duser.language=en -Duser.variant 
java_command: com.android.dx.command.Main --dex --force-jumbo --num-threads=4 --multi-dex --output C:\Users\angela\Desktop\FirstAndroidApp-master\Margallo_Finals\app\build\intermediates\transforms\dex\debug\folders\1000\5\slice_4 C:\Users\angela\Desktop\FirstAndroidApp-master\Margallo_Finals\app\build\intermediates\transforms\instantRunSlicer\debug\folders\1\5\slice_4
java_class_path (initial): C:\Users\angela\AppData\Local\Android\sdk\build-tools\24.0.1\lib\dx.jar
Launcher Type: SUN_STANDARD

Environment Variables:
PATH=C:\ProgramData\Oracle\Java\javapath;C:\Program Files (x86)\Intel\iCLS Client\;C:\Program Files\Intel\iCLS Client\;C:\Program Files (x86)\NVIDIA Corporation\PhysX\Common;C:\WINDOWS\system32;C:\WINDOWS;C:\WINDOWS\System32\Wbem;C:\WINDOWS\System32\WindowsPowerShell\v1.0\;C:\Program Files (x86)\Windows Live\Shared;C:\Program Files (x86)\Intel\OpenCL SDK\3.0\bin\x86;C:\Program Files (x86)\Intel\OpenCL SDK\3.0\bin\x64;C:\Program Files\Intel\Intel(R) Management Engine Components\DAL;C:\Program Files\Intel\Intel(R) Management Engine Components\IPT;C:\Program Files (x86)\Intel\Intel(R) Management Engine Components\DAL;C:\Program Files (x86)\Intel\Intel(R) Management Engine Components\IPT;C:\Program Files (x86)\Common Files\lenovo\easyplussdk\bin;C:\WINDOWS\system32\config\systemprofile\.dnx\bin;C:\Program Files\Microsoft DNX\Dnvm\;C:\Program Files (x86)\MySQL\MySQL Fabric 1.5 & MySQL Utilities 1.5\;C:\Program Files (x86)\MySQL\MySQL Fabric 1.5 & MySQL Utilities 1.5\Doctrine extensions for PHP\;C:\Program Files\MATLAB\R2016a\runtime\win64;C:\Program Files\MATLAB\R2016a\bin;C:\Program Files\MATLAB\R2016a\polyspace\bin;C:\Program Files\Git\cmd;C:\ffmpeg\bin;C:\WINDOWS\system32;C:\Python27;C:\Python27\python.exe;C:\Python27\Scripts\; C:\Python27\Lib\site-packages\django\bin;
USERNAME=angela
OS=Windows_NT
PROCESSOR_IDENTIFIER=Intel64 Family 6 Model 69 Stepping 1, GenuineIntel



---------------  S Y S T E M  ---------------

OS: Windows 8.1 , 64 bit Build 9600 (6.3.9600.17415)

CPU:total 4 (2 cores per cpu, 2 threads per core) family 6 model 69 stepping 1, cmov, cx8, fxsr, mmx, sse, sse2, sse3, ssse3, sse4.1, sse4.2, popcnt, avx, avx2, aes, clmul, erms, lzcnt, ht, tsc, tscinvbit, bmi1, bmi2

Memory: 4k page, physical 4074708k(434048k free), swap 7220436k(9900k free)

vm_info: Java HotSpot(TM) 64-Bit Server VM (25.91-b15) for windows-amd64 JRE (1.8.0_91-b15), built on May 20 2016 17:43:15 by "java_re" with MS VC++ 10.0 (VS2010)

time: Fri Oct 07 23:31:39 2016
elapsed time: 2 seconds (0d 0h 0m 2s)

