#
# There is insufficient memory for the Java Runtime Environment to continue.
# Native memory allocation (malloc) failed to allocate 628416 bytes for Chunk::new
# Possible reasons:
#   The system is out of physical RAM or swap space
#   In 32 bit mode, the process size limit was hit
# Possible solutions:
#   Reduce memory load on the system
#   Increase physical memory or swap space
#   Check if swap backing store is full
#   Use 64 bit Java on a 64 bit OS
#   Decrease Java heap size (-Xmx/-Xms)
#   Decrease number of Java threads
#   Decrease Java thread stack sizes (-Xss)
#   Set larger code cache with -XX:ReservedCodeCacheSize=
# This output file may be truncated or incomplete.
#
#  Out of Memory Error (allocation.cpp:390), pid=5208, tid=5476
#
# JRE version: Java(TM) SE Runtime Environment (8.0_91-b15) (build 1.8.0_91-b15)
# Java VM: Java HotSpot(TM) 64-Bit Server VM (25.91-b15 mixed mode windows-amd64 compressed oops)
# Failed to write core dump. Minidumps are not enabled by default on client versions of Windows
#

---------------  T H R E A D  ---------------

Current thread (0x0000000005d67800):  JavaThread "C2 CompilerThread1" daemon [_thread_in_native, id=5476, stack(0x0000000007440000,0x0000000007540000)]

Stack: [0x0000000007440000,0x0000000007540000]
[error occurred during error reporting (printing stack bounds), id 0xc0000005]

Native frames: (J=compiled Java code, j=interpreted, Vv=VM code, C=native code)


Current CompileTask:
C2:  10062 1074       4       com.android.dx.ssa.SCCP::simulatePhi (169 bytes)


---------------  P R O C E S S  ---------------

Java Threads: ( => current thread )
  0x00000000077e4000 JavaThread "pool-2-thread-4" [_thread_in_vm, id=5980, stack(0x0000000008040000,0x0000000008140000)]
  0x00000000077d9000 JavaThread "pool-2-thread-3" [_thread_in_vm, id=10440, stack(0x0000000007f40000,0x0000000008040000)]
  0x00000000077d8000 JavaThread "pool-2-thread-2" [_thread_in_Java, id=464, stack(0x0000000007e40000,0x0000000007f40000)]
  0x00000000077cf000 JavaThread "pool-3-thread-1" [_thread_blocked, id=2552, stack(0x0000000007d40000,0x0000000007e40000)]
  0x00000000077ce800 JavaThread "pool-2-thread-1" [_thread_in_Java, id=1132, stack(0x0000000007c40000,0x0000000007d40000)]
  0x0000000007643800 JavaThread "Service Thread" daemon [_thread_blocked, id=7612, stack(0x0000000007a40000,0x0000000007b40000)]
  0x0000000005d6a000 JavaThread "C1 CompilerThread2" daemon [_thread_blocked, id=1204, stack(0x0000000007540000,0x0000000007640000)]
=>0x0000000005d67800 JavaThread "C2 CompilerThread1" daemon [_thread_in_native, id=5476, stack(0x0000000007440000,0x0000000007540000)]
  0x0000000005d19000 JavaThread "C2 CompilerThread0" daemon [_thread_in_native, id=3100, stack(0x0000000007340000,0x0000000007440000)]
  0x0000000005d17800 JavaThread "Attach Listener" daemon [_thread_blocked, id=10880, stack(0x0000000007240000,0x0000000007340000)]
  0x0000000005d16000 JavaThread "Signal Dispatcher" daemon [_thread_blocked, id=1516, stack(0x0000000007140000,0x0000000007240000)]
  0x0000000005cfa800 JavaThread "Finalizer" daemon [_thread_blocked, id=10896, stack(0x0000000006f60000,0x0000000007060000)]
  0x0000000002630000 JavaThread "Reference Handler" daemon [_thread_blocked, id=2044, stack(0x0000000006e60000,0x0000000006f60000)]
  0x000000000073d800 JavaThread "main" [_thread_in_vm, id=3176, stack(0x00000000023c0000,0x00000000024c0000)]

Other Threads:
  0x0000000005cd7800 VMThread [stack: 0x0000000006d60000,0x0000000006e60000] [id=6952]
  0x0000000007653800 WatcherThread [stack: 0x0000000007b40000,0x0000000007c40000] [id=10712]

VM state:not at safepoint (normal execution)

VM Mutex/Monitor currently owned by a thread: None

Heap:
 PSYoungGen      total 18944K, used 6593K [0x00000000eab00000, 0x00000000ec000000, 0x0000000100000000)
  eden space 16384K, 24% used [0x00000000eab00000,0x00000000eaef5ca8,0x00000000ebb00000)
  from space 2560K, 99% used [0x00000000ebb00000,0x00000000ebd7aaa8,0x00000000ebd80000)
  to   space 2560K, 0% used [0x00000000ebd80000,0x00000000ebd80000,0x00000000ec000000)
 ParOldGen       total 44032K, used 1923K [0x00000000c0000000, 0x00000000c2b00000, 0x00000000eab00000)
  object space 44032K, 4% used [0x00000000c0000000,0x00000000c01e0ed0,0x00000000c2b00000)
 Metaspace       used 5903K, capacity 6836K, committed 7040K, reserved 1056768K
  class space    used 598K, capacity 620K, committed 640K, reserved 1048576K

Card table byte_map: [0x0000000002a00000,0x0000000002c10000] byte_map_base: 0x0000000002400000

Marking Bits: (ParMarkBitMap*) 0x000000005d672f70
 Begin Bits: [0x0000000003170000, 0x0000000004170000)
 End Bits:   [0x0000000004170000, 0x0000000005170000)

Polling page: 0x00000000009d0000

CodeCache: size=245760Kb used=4403Kb max_used=4403Kb free=241356Kb
 bounds [0x000000000f010000, 0x000000000f470000, 0x000000001e010000]
 total_blobs=1374 nmethods=1105 adapters=182
 compilation: enabled

Compilation events (10 events):
Event: 10.014 Thread 0x0000000005d19000 1107       4       com.android.dx.ssa.SsaMethod$2::addToUses (48 bytes)
Event: 10.026 Thread 0x0000000005d6a000 nmethod 1101 0x000000000f44d6d0 code [0x000000000f44e5c0, 0x000000000f45a2c8]
Event: 10.027 Thread 0x0000000005d6a000 1106       3       com.android.dx.ssa.SsaRenamer$BlockRenamer::addMapping (143 bytes)
Event: 10.030 Thread 0x0000000005d6a000 nmethod 1106 0x000000000f44b990 code [0x000000000f44bba0, 0x000000000f44ca68]
Event: 10.030 Thread 0x0000000005d6a000 1104       3       com.android.dx.ssa.SsaMethod::getGoto (26 bytes)
Event: 10.031 Thread 0x0000000005d6a000 nmethod 1104 0x000000000f44b010 code [0x000000000f44b1c0, 0x000000000f44b738]
Event: 10.031 Thread 0x0000000005d6a000 1102       3       com.android.dx.rop.cst.CstBaseMethodRef::getType (8 bytes)
Event: 10.032 Thread 0x0000000005d6a000 nmethod 1102 0x000000000f44ac10 code [0x000000000f44ad60, 0x000000000f44af50]
Event: 10.034 Thread 0x0000000005d6a000 1108       3       java.util.TreeMap::rightOf (13 bytes)
Event: 10.035 Thread 0x0000000005d6a000 nmethod 1108 0x000000000f44a890 code [0x000000000f44a9e0, 0x000000000f44ab70]

GC Heap History (2 events):
Event: 9.638 GC heap before
{Heap before GC invocations=1 (full 0):
 PSYoungGen      total 18944K, used 16384K [0x00000000eab00000, 0x00000000ec000000, 0x0000000100000000)
  eden space 16384K, 100% used [0x00000000eab00000,0x00000000ebb00000,0x00000000ebb00000)
  from space 2560K, 0% used [0x00000000ebd80000,0x00000000ebd80000,0x00000000ec000000)
  to   space 2560K, 0% used [0x00000000ebb00000,0x00000000ebb00000,0x00000000ebd80000)
 ParOldGen       total 44032K, used 0K [0x00000000c0000000, 0x00000000c2b00000, 0x00000000eab00000)
  object space 44032K, 0% used [0x00000000c0000000,0x00000000c0000000,0x00000000c2b00000)
 Metaspace       used 5800K, capacity 6768K, committed 7040K, reserved 1056768K
  class space    used 595K, capacity 616K, committed 640K, reserved 1048576K
Event: 9.692 GC heap after
Heap after GC invocations=1 (full 0):
 PSYoungGen      total 18944K, used 2538K [0x00000000eab00000, 0x00000000ec000000, 0x0000000100000000)
  eden space 16384K, 0% used [0x00000000eab00000,0x00000000eab00000,0x00000000ebb00000)
  from space 2560K, 99% used [0x00000000ebb00000,0x00000000ebd7aaa8,0x00000000ebd80000)
  to   space 2560K, 0% used [0x00000000ebd80000,0x00000000ebd80000,0x00000000ec000000)
 ParOldGen       total 44032K, used 1923K [0x00000000c0000000, 0x00000000c2b00000, 0x00000000eab00000)
  object space 44032K, 4% used [0x00000000c0000000,0x00000000c01e0ed0,0x00000000c2b00000)
 Metaspace       used 5800K, capacity 6768K, committed 7040K, reserved 1056768K
  class space    used 595K, capacity 616K, committed 640K, reserved 1048576K
}

Deoptimization events (8 events):
Event: 8.605 Thread 0x00000000077d9000 Uncommon trap: reason=unstable_if action=reinterpret pc=0x000000000f22769c method=java.util.HashMap.getNode(ILjava/lang/Object;)Ljava/util/HashMap$Node; @ 129
Event: 9.777 Thread 0x00000000077d8000 Uncommon trap: reason=class_check action=maybe_recompile pc=0x000000000f2edc70 method=com.android.dx.ssa.NormalSsaInsn.accept(Lcom/android/dx/ssa/SsaInsn$Visitor;)V @ 9
Event: 9.777 Thread 0x00000000077d8000 Uncommon trap: reason=class_check action=maybe_recompile pc=0x000000000f2a5230 method=com.android.dx.ssa.NormalSsaInsn.accept(Lcom/android/dx/ssa/SsaInsn$Visitor;)V @ 9
Event: 9.839 Thread 0x00000000077d9000 Uncommon trap: reason=class_check action=maybe_recompile pc=0x000000000f2edc70 method=com.android.dx.ssa.NormalSsaInsn.accept(Lcom/android/dx/ssa/SsaInsn$Visitor;)V @ 9
Event: 9.840 Thread 0x00000000077d9000 Uncommon trap: reason=class_check action=maybe_recompile pc=0x000000000f2edc70 method=com.android.dx.ssa.NormalSsaInsn.accept(Lcom/android/dx/ssa/SsaInsn$Visitor;)V @ 9
Event: 9.840 Thread 0x00000000077d9000 Uncommon trap: reason=class_check action=maybe_recompile pc=0x000000000f2a5230 method=com.android.dx.ssa.NormalSsaInsn.accept(Lcom/android/dx/ssa/SsaInsn$Visitor;)V @ 9
Event: 9.983 Thread 0x00000000077e4000 Uncommon trap: reason=unstable_if action=reinterpret pc=0x000000000f399584 method=com.android.dx.ssa.SsaRenamer$BlockRenamer.addMapping(ILcom/android/dx/rop/code/RegisterSpec;)V @ 120
Event: 9.998 Thread 0x00000000077ce800 Uncommon trap: reason=null_check action=make_not_entrant pc=0x000000000f384828 method=com.android.dx.rop.type.Type.equals(Ljava/lang/Object;)Z @ 8

Internal exceptions (3 events):
Event: 3.365 Thread 0x000000000073d800 Exception <a 'java/lang/NoSuchMethodError': Method sun.misc.Unsafe.defineClass(Ljava/lang/String;[BII)Ljava/lang/Class; name or signature does not match> (0x00000000eab07cc0) thrown at [C:\re\workspace\8-2-build-windows-amd64-cygwin\jdk8u91\7017\hotspot\srE7ºÎ
ì
@
Event: 3.365 Thread 0x000000000073d800 Exception <a 'java/lang/NoSuchMethodError': Method sun.misc.Unsafe.prefetchRead(Ljava/lang/Object;J)V name or signature does not match> (0x00000000eab07fa8) thrown at [C:\re\workspace\8-2-build-windows-amd64-cygwin\jdk8u91\7017\hotspot\src\share\vm\prims\jÚáû
4ÿ#@
Event: 9.998 Thread 0x00000000077ce800 Implicit null exception at 0x000000000f384722 to 0x000000000f38481a

Events (10 events):
Event: 9.840 Thread 0x00000000077d9000 DEOPT PACKING pc=0x000000000f2a5230 sp=0x000000000803ea80
Event: 9.840 Thread 0x00000000077d9000 DEOPT UNPACKING pc=0x000000000f05582a sp=0x000000000803ea20 mode 2
Event: 9.854 loading class java/util/DualPivotQuicksort
Event: 9.854 loading class java/util/DualPivotQuicksort done
Event: 9.983 Thread 0x00000000077e4000 Uncommon trap: trap_request=0xffffff65 fr.pc=0x000000000f399584
Event: 9.983 Thread 0x00000000077e4000 DEOPT PACKING pc=0x000000000f399584 sp=0x000000000813e680
Event: 9.983 Thread 0x00000000077e4000 DEOPT UNPACKING pc=0x000000000f05582a sp=0x000000000813e610 mode 2
Event: 9.998 Thread 0x00000000077ce800 Uncommon trap: trap_request=0xfffffff4 fr.pc=0x000000000f384828
Event: 9.999 Thread 0x00000000077ce800 DEOPT PACKING pc=0x000000000f384828 sp=0x0000000007d3e4e0
Event: 9.999 Thread 0x00000000077ce800 DEOPT UNPACKING pc=0x000000000f05582a sp=0x0000000007d3e468 mode 2


Dynamic libraries:
0x00007ff76c630000 - 0x00007ff76c667000 	C:\Program Files\Java\jdk1.8.0_91\bin\java.exe
0x00007ff8c24d0000 - 0x00007ff8c267d000 	C:\WINDOWS\SYSTEM32\ntdll.dll
0x00007ff8c1d50000 - 0x00007ff8c1e8e000 	C:\WINDOWS\system32\KERNEL32.DLL
0x00007ff8bf7b0000 - 0x00007ff8bf8c5000 	C:\WINDOWS\system32\KERNELBASE.dll
0x00007ff8be1a0000 - 0x00007ff8be22e000 	C:\WINDOWS\system32\apphelp.dll
0x00007ff8abbd0000 - 0x00007ff8abc23000 	C:\WINDOWS\AppPatch\AppPatch64\AcGenral.DLL
0x00007ff8c0260000 - 0x00007ff8c030a000 	C:\WINDOWS\system32\msvcrt.dll
0x00007ff8bf6d0000 - 0x00007ff8bf6fe000 	C:\WINDOWS\system32\SspiCli.dll
0x00007ff8c1f30000 - 0x00007ff8c1f84000 	C:\WINDOWS\system32\SHLWAPI.dll
0x00007ff8c0010000 - 0x00007ff8c0187000 	C:\WINDOWS\system32\USER32.dll
0x00007ff8c1bb0000 - 0x00007ff8c1d44000 	C:\WINDOWS\system32\ole32.dll
0x00007ff8c0610000 - 0x00007ff8c1b39000 	C:\WINDOWS\system32\SHELL32.dll
0x00007ff8beb90000 - 0x00007ff8bebb1000 	C:\WINDOWS\SYSTEM32\USERENV.dll
0x00007ff8c23c0000 - 0x00007ff8c246a000 	C:\WINDOWS\system32\ADVAPI32.dll
0x00007ff8ad760000 - 0x00007ff8ad77e000 	C:\WINDOWS\SYSTEM32\MPR.dll
0x00007ff8c2050000 - 0x00007ff8c2190000 	C:\WINDOWS\system32\RPCRT4.dll
0x00007ff8c2470000 - 0x00007ff8c24c9000 	C:\WINDOWS\SYSTEM32\sechost.dll
0x00007ff8c21a0000 - 0x00007ff8c23b1000 	C:\WINDOWS\SYSTEM32\combase.dll
0x00007ff8c0310000 - 0x00007ff8c045f000 	C:\WINDOWS\system32\GDI32.dll
0x00007ff8bf600000 - 0x00007ff8bf615000 	C:\WINDOWS\SYSTEM32\profapi.dll
0x00007ff8bdbb0000 - 0x00007ff8bdc62000 	C:\WINDOWS\SYSTEM32\SHCORE.dll
0x00007ff8bff60000 - 0x00007ff8bff96000 	C:\WINDOWS\system32\IMM32.DLL
0x00007ff8bfb60000 - 0x00007ff8bfcb2000 	C:\WINDOWS\system32\MSCTF.dll
0x00007ff8bf5c0000 - 0x00007ff8bf5ef000 	C:\Windows\system32\nvinitx.dll
0x000000000f000000 - 0x000000000f006000 	C:\Program Files\NVIDIA Corporation\CoProcManager\detoured.dll
0x00007ff8bd8e0000 - 0x00007ff8bd93f000 	C:\Program Files\NVIDIA Corporation\CoProcManager\nvd3d9wrapx.dll
0x00007ff8bfcc0000 - 0x00007ff8bfe9a000 	C:\WINDOWS\system32\SETUPAPI.dll
0x00007ff8bfab0000 - 0x00007ff8bfaff000 	C:\WINDOWS\system32\CFGMGR32.dll
0x00007ff8bd890000 - 0x00007ff8bd8d6000 	C:\Program Files\NVIDIA Corporation\CoProcManager\nvdxgiwrapx.dll
0x00007ff8bd200000 - 0x00007ff8bd47b000 	C:\WINDOWS\WinSxS\amd64_microsoft.windows.common-controls_6595b64144ccf1df_6.0.9600.18006_none_623f33d3ecbe86e8\COMCTL32.dll
0x000000005b320000 - 0x000000005b3f2000 	C:\Program Files\Java\jdk1.8.0_91\jre\bin\msvcr100.dll
0x000000005ce60000 - 0x000000005d6f3000 	C:\Program Files\Java\jdk1.8.0_91\jre\bin\server\jvm.dll
0x00007ff8a23c0000 - 0x00007ff8a23c9000 	C:\WINDOWS\SYSTEM32\WSOCK32.dll
0x00007ff8bcce0000 - 0x00007ff8bcd02000 	C:\WINDOWS\SYSTEM32\WINMM.dll
0x00007ff8bd970000 - 0x00007ff8bd97a000 	C:\WINDOWS\SYSTEM32\VERSION.dll
0x00007ff8c0000000 - 0x00007ff8c0007000 	C:\WINDOWS\system32\PSAPI.DLL
0x00007ff8bffa0000 - 0x00007ff8bfffa000 	C:\WINDOWS\system32\WS2_32.dll
0x00007ff8bcca0000 - 0x00007ff8bccca000 	C:\WINDOWS\SYSTEM32\WINMMBASE.dll
0x00007ff8c1b40000 - 0x00007ff8c1b49000 	C:\WINDOWS\system32\NSI.dll
0x00007ff8be420000 - 0x00007ff8be448000 	C:\WINDOWS\SYSTEM32\DEVOBJ.dll
0x000000005d980000 - 0x000000005d98f000 	C:\Program Files\Java\jdk1.8.0_91\jre\bin\verify.dll
0x000000005d950000 - 0x000000005d979000 	C:\Program Files\Java\jdk1.8.0_91\jre\bin\java.dll
0x000000005d930000 - 0x000000005d946000 	C:\Program Files\Java\jdk1.8.0_91\jre\bin\zip.dll

VM Arguments:
jvm_args: -Djava.awt.headless=true -Xmx1024M -Dfile.encoding=windows-1252 -Duser.country=PH -Duser.language=en -Duser.variant 
java_command: com.android.dx.command.Main --dex --force-jumbo --num-threads=4 --multi-dex --output C:\Users\angela\Desktop\FirstAndroidApp-master\Margallo_Finals\app\build\intermediates\transforms\dex\debug\folders\1000\10\instant-run_671b3205e985ba9d8c3ff0883fabf375109f5982 C:\Users\angela\Desktop\FirstAndroidApp-master\Margallo_Finals\app\build\intermediates\incremental-runtime-classes\debug\instant-run.jar
java_class_path (initial): C:\Users\angela\AppData\Local\Android\sdk\build-tools\24.0.1\lib\dx.jar
Launcher Type: SUN_STANDARD

Environment Variables:
PATH=C:\ProgramData\Oracle\Java\javapath;C:\Program Files (x86)\Intel\iCLS Client\;C:\Program Files\Intel\iCLS Client\;C:\Program Files (x86)\NVIDIA Corporation\PhysX\Common;C:\WINDOWS\system32;C:\WINDOWS;C:\WINDOWS\System32\Wbem;C:\WINDOWS\System32\WindowsPowerShell\v1.0\;C:\Program Files (x86)\Windows Live\Shared;C:\Program Files (x86)\Intel\OpenCL SDK\3.0\bin\x86;C:\Program Files (x86)\Intel\OpenCL SDK\3.0\bin\x64;C:\Program Files\Intel\Intel(R) Management Engine Components\DAL;C:\Program Files\Intel\Intel(R) Management Engine Components\IPT;C:\Program Files (x86)\Intel\Intel(R) Management Engine Components\DAL;C:\Program Files (x86)\Intel\Intel(R) Management Engine Components\IPT;C:\Program Files (x86)\Common Files\lenovo\easyplussdk\bin;C:\WINDOWS\system32\config\systemprofile\.dnx\bin;C:\Program Files\Microsoft DNX\Dnvm\;C:\Program Files (x86)\MySQL\MySQL Fabric 1.5 & MySQL Utilities 1.5\;C:\Program Files (x86)\MySQL\MySQL Fabric 1.5 & MySQL Utilities 1.5\Doctrine extensions for PHP\;C:\Program Files\MATLAB\R2016a\runtime\win64;C:\Program Files\MATLAB\R2016a\bin;C:\Program Files\MATLAB\R2016a\polyspace\bin;C:\Program Files\Git\cmd;C:\ffmpeg\bin;C:\WINDOWS\system32;C:\Python27;C:\Python27\python.exe;C:\Python27\Scripts\; C:\Python27\Lib\site-packages\django\bin;
USERNAME=angela
OS=Windows_NT
PROCESSOR_IDENTIFIER=Intel64 Family 6 Model 69 Stepping 1, GenuineIntel



---------------  S Y S T E M  ---------------

OS: Windows 8.1 , 64 bit Build 9600 (6.3.9600.17415)

CPU:total 4 (2 cores per cpu, 2 threads per core) family 6 model 69 stepping 1, cmov, cx8, fxsr, mmx, sse, sse2, sse3, ssse3, sse4.1, sse4.2, popcnt, avx, avx2, aes, clmul, erms, lzcnt, ht, tsc, tscinvbit, bmi1, bmi2

Memory: 4k page, physical 4074708k(419920k free), swap 7220436k(12140k free)

vm_info: Java HotSpot(TM) 64-Bit Server VM (25.91-b15) for windows-amd64 JRE (1.8.0_91-b15), built on May 20 2016 17:43:15 by "java_re" with MS VC++ 10.0 (VS2010)

time: Fri Oct 07 23:31:36 2016
elapsed time: 10 seconds (0d 0h 0m 10s)

